<?xml version="1.0" encoding="UTF-8"?>
<testsuite xmlns:xsi="http://www.w3.org/2001/XMLSchema-instance" xsi:noNamespaceSchemaLocation="https://maven.apache.org/surefire/maven-surefire-plugin/xsd/surefire-test-report-3.0.xsd" version="3.0" name="eg.edu.bsu.fcai.stockmanagementsystem.StockManagementSystemApplicationTests" time="79.753" tests="1" errors="0" skipped="0" failures="0">
  <properties>
[...]
</properties>
  <testcase name="contextLoads" classname="eg.edu.bsu.fcai.stockmanagementsystem.StockManagementSystemApplicationTests" time="0.989">
    <system-out><![CDATA[00:19:12.179 [main] INFO org.springframework.test.context.support.AnnotationConfigContextLoaderUtils -- Could not detect default configuration classes for test class [eg.edu.bsu.fcai.stockmanagementsystem.StockManagementSystemApplicationTests]: StockManagementSystemApplicationTests does not declare any static, non-private, non-final, nested classes annotated with @Configuration.
00:19:12.374 [main] INFO org.springframework.boot.test.context.SpringBootTestContextBootstrapper -- Found @SpringBootConfiguration eg.edu.bsu.fcai.stockmanagementsystem.StockManagementSystemApplication for test class eg.edu.bsu.fcai.stockmanagementsystem.StockManagementSystemApplicationTests

  .   ____          _            __ _ _
 /\\ / ___'_ __ _ _(_)_ __  __ _ \ \ \ \
( ( )\___ | '_ | '_| | '_ \/ _` | \ \ \ \
 \\/  ___)| |_)| | | | | || (_| |  ) ) ) )
  '  |____| .__|_| |_|_| |_\__, | / / / /
 =========|_|==============|___/=/_/_/_/
 :: Spring Boot ::                (v3.1.0)

2023-06-12T00:19:12.947+02:00  INFO 11136 --- [           main] .s.StockManagementSystemApplicationTests : Starting StockManagementSystemApplicationTests using Java 20 with PID 11136 (started by ahmed in C:\Users\ahmed\Desktop\StockManagementSystemDeploy)
2023-06-12T00:19:12.952+02:00  INFO 11136 --- [           main] .s.StockManagementSystemApplicationTests : No active profile set, falling back to 1 default profile: "default"
2023-06-12T00:19:14.496+02:00  INFO 11136 --- [           main] .s.d.r.c.RepositoryConfigurationDelegate : Multiple Spring Data modules found, entering strict repository configuration mode
2023-06-12T00:19:14.498+02:00  INFO 11136 --- [           main] .s.d.r.c.RepositoryConfigurationDelegate : Bootstrapping Spring Data JDBC repositories in DEFAULT mode.
2023-06-12T00:19:14.553+02:00  INFO 11136 --- [           main] .RepositoryConfigurationExtensionSupport : Spring Data JDBC - Could not safely identify store assignment for repository candidate interface eg.edu.bsu.fcai.stockmanagementsystem.repository.ConsumedGetDetailsRepository; If you want this repository to be a JDBC repository, consider annotating your entities with one of these annotations: org.springframework.data.relational.core.mapping.Table.
2023-06-12T00:19:14.555+02:00  INFO 11136 --- [           main] .RepositoryConfigurationExtensionSupport : Spring Data JDBC - Could not safely identify store assignment for repository candidate interface eg.edu.bsu.fcai.stockmanagementsystem.repository.ConsumedGetItemsRepository; If you want this repository to be a JDBC repository, consider annotating your entities with one of these annotations: org.springframework.data.relational.core.mapping.Table.
2023-06-12T00:19:14.559+02:00  INFO 11136 --- [           main] .RepositoryConfigurationExtensionSupport : Spring Data JDBC - Could not safely identify store assignment for repository candidate interface eg.edu.bsu.fcai.stockmanagementsystem.repository.ConsumedGetPermissionsRepository; If you want this repository to be a JDBC repository, consider annotating your entities with one of these annotations: org.springframework.data.relational.core.mapping.Table.
2023-06-12T00:19:14.561+02:00  INFO 11136 --- [           main] .RepositoryConfigurationExtensionSupport : Spring Data JDBC - Could not safely identify store assignment for repository candidate interface eg.edu.bsu.fcai.stockmanagementsystem.repository.ConsumedPutDetailsRepository; If you want this repository to be a JDBC repository, consider annotating your entities with one of these annotations: org.springframework.data.relational.core.mapping.Table.
2023-06-12T00:19:14.565+02:00  INFO 11136 --- [           main] .RepositoryConfigurationExtensionSupport : Spring Data JDBC - Could not safely identify store assignment for repository candidate interface eg.edu.bsu.fcai.stockmanagementsystem.repository.ConsumedPutItemsRepository; If you want this repository to be a JDBC repository, consider annotating your entities with one of these annotations: org.springframework.data.relational.core.mapping.Table.
2023-06-12T00:19:14.568+02:00  INFO 11136 --- [           main] .RepositoryConfigurationExtensionSupport : Spring Data JDBC - Could not safely identify store assignment for repository candidate interface eg.edu.bsu.fcai.stockmanagementsystem.repository.ConsumedPutPermissionsRepository; If you want this repository to be a JDBC repository, consider annotating your entities with one of these annotations: org.springframework.data.relational.core.mapping.Table.
2023-06-12T00:19:14.570+02:00  INFO 11136 --- [           main] .RepositoryConfigurationExtensionSupport : Spring Data JDBC - Could not safely identify store assignment for repository candidate interface eg.edu.bsu.fcai.stockmanagementsystem.repository.ItemStatusRepository; If you want this repository to be a JDBC repository, consider annotating your entities with one of these annotations: org.springframework.data.relational.core.mapping.Table.
2023-06-12T00:19:14.573+02:00  INFO 11136 --- [           main] .RepositoryConfigurationExtensionSupport : Spring Data JDBC - Could not safely identify store assignment for repository candidate interface eg.edu.bsu.fcai.stockmanagementsystem.repository.MainGetDetailsRepository; If you want this repository to be a JDBC repository, consider annotating your entities with one of these annotations: org.springframework.data.relational.core.mapping.Table.
2023-06-12T00:19:14.576+02:00  INFO 11136 --- [           main] .RepositoryConfigurationExtensionSupport : Spring Data JDBC - Could not safely identify store assignment for repository candidate interface eg.edu.bsu.fcai.stockmanagementsystem.repository.MainGetItemsRepository; If you want this repository to be a JDBC repository, consider annotating your entities with one of these annotations: org.springframework.data.relational.core.mapping.Table.
2023-06-12T00:19:14.579+02:00  INFO 11136 --- [           main] .RepositoryConfigurationExtensionSupport : Spring Data JDBC - Could not safely identify store assignment for repository candidate interface eg.edu.bsu.fcai.stockmanagementsystem.repository.MainGetPermissionRepository; If you want this repository to be a JDBC repository, consider annotating your entities with one of these annotations: org.springframework.data.relational.core.mapping.Table.
2023-06-12T00:19:14.580+02:00  INFO 11136 --- [           main] .RepositoryConfigurationExtensionSupport : Spring Data JDBC - Could not safely identify store assignment for repository candidate interface eg.edu.bsu.fcai.stockmanagementsystem.repository.MainPutDetailsRepository; If you want this repository to be a JDBC repository, consider annotating your entities with one of these annotations: org.springframework.data.relational.core.mapping.Table.
2023-06-12T00:19:14.584+02:00  INFO 11136 --- [           main] .RepositoryConfigurationExtensionSupport : Spring Data JDBC - Could not safely identify store assignment for repository candidate interface eg.edu.bsu.fcai.stockmanagementsystem.repository.MainPutItemsRepository; If you want this repository to be a JDBC repository, consider annotating your entities with one of these annotations: org.springframework.data.relational.core.mapping.Table.
2023-06-12T00:19:14.587+02:00  INFO 11136 --- [           main] .RepositoryConfigurationExtensionSupport : Spring Data JDBC - Could not safely identify store assignment for repository candidate interface eg.edu.bsu.fcai.stockmanagementsystem.repository.MainPutPermissionRepository; If you want this repository to be a JDBC repository, consider annotating your entities with one of these annotations: org.springframework.data.relational.core.mapping.Table.
2023-06-12T00:19:14.588+02:00  INFO 11136 --- [           main] .RepositoryConfigurationExtensionSupport : Spring Data JDBC - Could not safely identify store assignment for repository candidate interface eg.edu.bsu.fcai.stockmanagementsystem.repository.OldGetDetailsRepository; If you want this repository to be a JDBC repository, consider annotating your entities with one of these annotations: org.springframework.data.relational.core.mapping.Table.
2023-06-12T00:19:14.592+02:00  INFO 11136 --- [           main] .RepositoryConfigurationExtensionSupport : Spring Data JDBC - Could not safely identify store assignment for repository candidate interface eg.edu.bsu.fcai.stockmanagementsystem.repository.OldGetPermissionRepository; If you want this repository to be a JDBC repository, consider annotating your entities with one of these annotations: org.springframework.data.relational.core.mapping.Table.
2023-06-12T00:19:14.595+02:00  INFO 11136 --- [           main] .RepositoryConfigurationExtensionSupport : Spring Data JDBC - Could not safely identify store assignment for repository candidate interface eg.edu.bsu.fcai.stockmanagementsystem.repository.OldPutDetailsRepository; If you want this repository to be a JDBC repository, consider annotating your entities with one of these annotations: org.springframework.data.relational.core.mapping.Table.
2023-06-12T00:19:14.598+02:00  INFO 11136 --- [           main] .RepositoryConfigurationExtensionSupport : Spring Data JDBC - Could not safely identify store assignment for repository candidate interface eg.edu.bsu.fcai.stockmanagementsystem.repository.OldPutItemsRepository; If you want this repository to be a JDBC repository, consider annotating your entities with one of these annotations: org.springframework.data.relational.core.mapping.Table.
2023-06-12T00:19:14.600+02:00  INFO 11136 --- [           main] .RepositoryConfigurationExtensionSupport : Spring Data JDBC - Could not safely identify store assignment for repository candidate interface eg.edu.bsu.fcai.stockmanagementsystem.repository.OldPutPermissionsRepository; If you want this repository to be a JDBC repository, consider annotating your entities with one of these annotations: org.springframework.data.relational.core.mapping.Table.
2023-06-12T00:19:14.603+02:00  INFO 11136 --- [           main] .RepositoryConfigurationExtensionSupport : Spring Data JDBC - Could not safely identify store assignment for repository candidate interface eg.edu.bsu.fcai.stockmanagementsystem.repository.ProductRepository; If you want this repository to be a JDBC repository, consider annotating your entities with one of these annotations: org.springframework.data.relational.core.mapping.Table.
2023-06-12T00:19:14.606+02:00  INFO 11136 --- [           main] .RepositoryConfigurationExtensionSupport : Spring Data JDBC - Could not safely identify store assignment for repository candidate interface eg.edu.bsu.fcai.stockmanagementsystem.repository.StockRepository; If you want this repository to be a JDBC repository, consider annotating your entities with one of these annotations: org.springframework.data.relational.core.mapping.Table.
2023-06-12T00:19:14.610+02:00  INFO 11136 --- [           main] .RepositoryConfigurationExtensionSupport : Spring Data JDBC - Could not safely identify store assignment for repository candidate interface eg.edu.bsu.fcai.stockmanagementsystem.repository.TypeRepository; If you want this repository to be a JDBC repository, consider annotating your entities with one of these annotations: org.springframework.data.relational.core.mapping.Table.
2023-06-12T00:19:14.614+02:00  INFO 11136 --- [           main] .RepositoryConfigurationExtensionSupport : Spring Data JDBC - Could not safely identify store assignment for repository candidate interface eg.edu.bsu.fcai.stockmanagementsystem.repository.UserRepository; If you want this repository to be a JDBC repository, consider annotating your entities with one of these annotations: org.springframework.data.relational.core.mapping.Table.
2023-06-12T00:19:14.615+02:00  INFO 11136 --- [           main] .s.d.r.c.RepositoryConfigurationDelegate : Finished Spring Data repository scanning in 111 ms. Found 0 JDBC repository interfaces.
2023-06-12T00:19:14.635+02:00  INFO 11136 --- [           main] .s.d.r.c.RepositoryConfigurationDelegate : Multiple Spring Data modules found, entering strict repository configuration mode
2023-06-12T00:19:14.637+02:00  INFO 11136 --- [           main] .s.d.r.c.RepositoryConfigurationDelegate : Bootstrapping Spring Data JPA repositories in DEFAULT mode.
2023-06-12T00:19:14.804+02:00  INFO 11136 --- [           main] .s.d.r.c.RepositoryConfigurationDelegate : Finished Spring Data repository scanning in 144 ms. Found 22 JPA repository interfaces.
2023-06-12T00:19:15.615+02:00  INFO 11136 --- [           main] o.hibernate.jpa.internal.util.LogHelper  : HHH000204: Processing PersistenceUnitInfo [name: default]
2023-06-12T00:19:15.703+02:00  INFO 11136 --- [           main] org.hibernate.Version                    : HHH000412: Hibernate ORM core version 6.2.2.Final
2023-06-12T00:19:15.706+02:00  INFO 11136 --- [           main] org.hibernate.cfg.Environment            : HHH000406: Using bytecode reflection optimizer
2023-06-12T00:19:15.952+02:00  INFO 11136 --- [           main] o.h.b.i.BytecodeProviderInitiator        : HHH000021: Bytecode provider name : bytebuddy
2023-06-12T00:19:16.181+02:00  INFO 11136 --- [           main] o.s.o.j.p.SpringPersistenceUnitInfo      : No LoadTimeWeaver setup: ignoring JPA class transformer
2023-06-12T00:19:16.208+02:00  INFO 11136 --- [           main] com.zaxxer.hikari.HikariDataSource       : HikariPool-1 - Starting...
2023-06-12T00:19:20.658+02:00  INFO 11136 --- [           main] com.zaxxer.hikari.pool.HikariPool        : HikariPool-1 - Added connection org.postgresql.jdbc.PgConnection@2c56eba5
2023-06-12T00:19:20.697+02:00  INFO 11136 --- [           main] com.zaxxer.hikari.HikariDataSource       : HikariPool-1 - Start completed.
2023-06-12T00:19:21.327+02:00  INFO 11136 --- [           main] org.hibernate.orm.dialect                : HHH035001: Using dialect: org.hibernate.dialect.PostgreSQLDialect, version: org.hibernate.engine.jdbc.env.internal.JdbcEnvironmentInitiator$DialectResolutionInfoImpl@22c29aa8
2023-06-12T00:19:22.982+02:00  INFO 11136 --- [           main] o.h.b.i.BytecodeProviderInitiator        : HHH000021: Bytecode provider name : bytebuddy
2023-06-12T00:19:24.501+02:00  INFO 11136 --- [           main] o.h.e.t.j.p.i.JtaPlatformInitiator       : HHH000490: Using JtaPlatform implementation: [org.hibernate.engine.transaction.jta.platform.internal.NoJtaPlatform]
2023-06-12T00:20:25.978+02:00  INFO 11136 --- [           main] j.LocalContainerEntityManagerFactoryBean : Initialized JPA EntityManagerFactory for persistence unit 'default'
2023-06-12T00:20:26.918+02:00  INFO 11136 --- [           main] o.s.d.j.r.query.QueryEnhancerFactory     : Hibernate is in classpath; If applicable, HQL parser will be used.
2023-06-12T00:20:28.638+02:00  WARN 11136 --- [           main] JpaBaseConfiguration$JpaWebConfiguration : spring.jpa.open-in-view is enabled by default. Therefore, database queries may be performed during view rendering. Explicitly configure spring.jpa.open-in-view to disable this warning
2023-06-12T00:20:29.241+02:00  INFO 11136 --- [           main] o.s.s.web.DefaultSecurityFilterChain     : Will secure any request with [org.springframework.security.web.session.DisableEncodeUrlFilter@6fa84885, org.springframework.security.web.context.request.async.WebAsyncManagerIntegrationFilter@452c8a6c, org.springframework.security.web.context.SecurityContextHolderFilter@243c4ffe, org.springframework.security.web.header.HeaderWriterFilter@1992b8b, org.springframework.security.web.authentication.logout.LogoutFilter@59b7cbec, org.springframework.security.web.authentication.UsernamePasswordAuthenticationFilter@63c8a30e, org.springframework.security.web.savedrequest.RequestCacheAwareFilter@2e2d7dc, org.springframework.security.web.servletapi.SecurityContextHolderAwareRequestFilter@d7b20d9, org.springframework.security.web.authentication.rememberme.RememberMeAuthenticationFilter@46d8d38, org.springframework.security.web.authentication.AnonymousAuthenticationFilter@2dc0cbbc, org.springframework.security.web.access.ExceptionTranslationFilter@22027e62, org.springframework.security.web.access.intercept.AuthorizationFilter@65b51977]
2023-06-12T00:20:30.634+02:00  INFO 11136 --- [           main] .s.StockManagementSystemApplicationTests : Started StockManagementSystemApplicationTests in 78.049 seconds (process running for 79.75)
]]></system-out>
  </testcase>
</testsuite>